#
# There is insufficient memory for the Java Runtime Environment to continue.
# Native memory allocation (malloc) failed to allocate 1590096 bytes for Chunk::new
# Possible reasons:
#   The system is out of physical RAM or swap space
#   In 32 bit mode, the process size limit was hit
# Possible solutions:
#   Reduce memory load on the system
#   Increase physical memory or swap space
#   Check if swap backing store is full
#   Use 64 bit Java on a 64 bit OS
#   Decrease Java heap size (-Xmx/-Xms)
#   Decrease number of Java threads
#   Decrease Java thread stack sizes (-Xss)
#   Set larger code cache with -XX:ReservedCodeCacheSize=
# This output file may be truncated or incomplete.
#
#  Out of Memory Error (allocation.cpp:390), pid=11300, tid=10276
#
# JRE version: Java(TM) SE Runtime Environment (8.0_45-b14) (build 1.8.0_45-b14)
# Java VM: Java HotSpot(TM) 64-Bit Server VM (25.45-b02 mixed mode windows-amd64 compressed oops)
# Failed to write core dump. Minidumps are not enabled by default on client versions of Windows
#

---------------  T H R E A D  ---------------

Current thread (0x00000000179b0800):  JavaThread "C2 CompilerThread2" daemon [_thread_in_native, id=10276, stack(0x0000000018120000,0x0000000018220000)]

Stack: [0x0000000018120000,0x0000000018220000]
Native frames: (J=compiled Java code, j=interpreted, Vv=VM code, C=native code)
V  [jvm.dll+0x32b57a]


Current CompileTask:
C2:   8461 1936       4       com.android.dx.cf.code.Simulator$SimVisitor::visitConstant (332 bytes)


---------------  P R O C E S S  ---------------

Java Threads: ( => current thread )
  0x0000000017c4a000 JavaThread "pool-1-thread-4" [_thread_in_Java, id=11816, stack(0x0000000018920000,0x0000000018a20000)]
  0x0000000017c47800 JavaThread "pool-1-thread-3" [_thread_in_vm, id=12004, stack(0x0000000018820000,0x0000000018920000)]
  0x0000000017c28000 JavaThread "pool-1-thread-2" [_thread_in_Java, id=8844, stack(0x0000000018720000,0x0000000018820000)]
  0x0000000017c23800 JavaThread "pool-2-thread-1" [_thread_blocked, id=7720, stack(0x0000000018620000,0x0000000018720000)]
  0x0000000017c21000 JavaThread "pool-1-thread-1" [_thread_in_Java, id=784, stack(0x0000000018520000,0x0000000018620000)]
  0x00000000179e5000 JavaThread "Service Thread" daemon [_thread_blocked, id=11556, stack(0x0000000018320000,0x0000000018420000)]
  0x00000000179b4000 JavaThread "C1 CompilerThread3" daemon [_thread_blocked, id=11596, stack(0x0000000018220000,0x0000000018320000)]
=>0x00000000179b0800 JavaThread "C2 CompilerThread2" daemon [_thread_in_native, id=10276, stack(0x0000000018120000,0x0000000018220000)]
  0x00000000179aa000 JavaThread "C2 CompilerThread1" daemon [_thread_in_native, id=11592, stack(0x0000000018020000,0x0000000018120000)]
  0x00000000179a5800 JavaThread "C2 CompilerThread0" daemon [_thread_in_native, id=11620, stack(0x0000000017f20000,0x0000000018020000)]
  0x00000000179a1000 JavaThread "Attach Listener" daemon [_thread_blocked, id=11728, stack(0x0000000017e20000,0x0000000017f20000)]
  0x0000000017956800 JavaThread "Signal Dispatcher" daemon [_thread_blocked, id=9548, stack(0x0000000017d20000,0x0000000017e20000)]
  0x0000000002e28800 JavaThread "Finalizer" daemon [_thread_blocked, id=756, stack(0x0000000017820000,0x0000000017920000)]
  0x0000000002e22000 JavaThread "Reference Handler" daemon [_thread_blocked, id=10640, stack(0x0000000017720000,0x0000000017820000)]
  0x00000000028dd800 JavaThread "main" [_thread_blocked, id=8216, stack(0x00000000028e0000,0x00000000029e0000)]

Other Threads:
  0x0000000015949000 VMThread [stack: 0x0000000017620000,0x0000000017720000] [id=1056]
  0x00000000179e9800 WatcherThread [stack: 0x0000000018420000,0x0000000018520000] [id=7500]

VM state:not at safepoint (normal execution)

VM Mutex/Monitor currently owned by a thread: None

Heap:
 PSYoungGen      total 68096K, used 29038K [0x00000000eab00000, 0x00000000ef000000, 0x0000000100000000)
  eden space 65536K, 44% used [0x00000000eab00000,0x00000000ec75b950,0x00000000eeb00000)
  from space 2560K, 0% used [0x00000000eed80000,0x00000000eed80000,0x00000000ef000000)
  to   space 2560K, 0% used [0x00000000eeb00000,0x00000000eeb00000,0x00000000eed80000)
 ParOldGen       total 67072K, used 32204K [0x00000000c0000000, 0x00000000c4180000, 0x00000000eab00000)
  object space 67072K, 48% used [0x00000000c0000000,0x00000000c1f73190,0x00000000c4180000)
 Metaspace       used 6310K, capacity 7158K, committed 7296K, reserved 1056768K
  class space    used 608K, capacity 622K, committed 640K, reserved 1048576K

Card table byte_map: [0x00000000121f0000,0x0000000012400000] byte_map_base: 0x0000000011bf0000

Marking Bits: (ParMarkBitMap*) 0x0000000059944040
 Begin Bits: [0x0000000012d60000, 0x0000000013d60000)
 End Bits:   [0x0000000013d60000, 0x0000000014d60000)

Polling page: 0x0000000002870000

CodeCache: size=245760Kb used=9232Kb max_used=9232Kb free=236527Kb
 bounds [0x0000000002e30000, 0x0000000003740000, 0x0000000011e30000]
 total_blobs=2289 nmethods=2015 adapters=184
 compilation: enabled

Compilation events (10 events):
Event: 8.413 Thread 0x00000000179b4000 2089       2       com.android.dx.command.dexer.Main::access$2700 (6 bytes)
Event: 8.413 Thread 0x00000000179b4000 nmethod 2089 0x00000000037315d0 code [0x0000000003731720, 0x0000000003731868]
Event: 8.413 Thread 0x00000000179b4000 2090       2       com.android.dx.dex.file.ClassDataItem::<init> (96 bytes)
Event: 8.414 Thread 0x00000000179b4000 nmethod 2090 0x0000000003731910 code [0x0000000003731b00, 0x0000000003732088]
Event: 8.417 Thread 0x00000000179b4000 2091   !   2       java.util.concurrent.ArrayBlockingQueue::offer (55 bytes)
Event: 8.417 Thread 0x00000000179b4000 nmethod 2091 0x00000000037322d0 code [0x0000000003732480, 0x00000000037327b8]
Event: 8.417 Thread 0x00000000179b4000 2092       2       java.util.concurrent.locks.ReentrantLock$FairSync::lock (6 bytes)
Event: 8.418 Thread 0x00000000179b4000 nmethod 2092 0x0000000003732b10 code [0x0000000003732ca0, 0x0000000003732eb8]
Event: 8.430 Thread 0x00000000179a5800 nmethod 2050 0x00000000037374d0 code [0x00000000037376e0, 0x0000000003738f58]
Event: 8.431 Thread 0x00000000179a5800 2076       4       com.android.dx.ssa.back.IdenticalBlockCombiner::process (323 bytes)

GC Heap History (10 events):
Event: 2.724 GC heap before
{Heap before GC invocations=3 (full 0):
 PSYoungGen      total 35328K, used 35300K [0x00000000eab00000, 0x00000000ed000000, 0x0000000100000000)
  eden space 32768K, 100% used [0x00000000eab00000,0x00000000ecb00000,0x00000000ecb00000)
  from space 2560K, 98% used [0x00000000ecd80000,0x00000000ecff9280,0x00000000ed000000)
  to   space 2560K, 0% used [0x00000000ecb00000,0x00000000ecb00000,0x00000000ecd80000)
 ParOldGen       total 44032K, used 4437K [0x00000000c0000000, 0x00000000c2b00000, 0x00000000eab00000)
  object space 44032K, 10% used [0x00000000c0000000,0x00000000c04554d0,0x00000000c2b00000)
 Metaspace       used 6104K, capacity 7030K, committed 7296K, reserved 1056768K
  class space    used 606K, capacity 622K, committed 640K, reserved 1048576K
Event: 3.345 GC heap after
Heap after GC invocations=3 (full 0):
 PSYoungGen      total 35328K, used 2543K [0x00000000eab00000, 0x00000000ef000000, 0x0000000100000000)
  eden space 32768K, 0% used [0x00000000eab00000,0x00000000eab00000,0x00000000ecb00000)
  from space 2560K, 99% used [0x00000000ecb00000,0x00000000ecd7be10,0x00000000ecd80000)
  to   space 2560K, 0% used [0x00000000eed80000,0x00000000eed80000,0x00000000ef000000)
 ParOldGen       total 44032K, used 9066K [0x00000000c0000000, 0x00000000c2b00000, 0x00000000eab00000)
  object space 44032K, 20% used [0x00000000c0000000,0x00000000c08da950,0x00000000c2b00000)
 Metaspace       used 6104K, capacity 7030K, committed 7296K, reserved 1056768K
  class space    used 606K, capacity 622K, committed 640K, reserved 1048576K
}
Event: 4.148 GC heap before
{Heap before GC invocations=4 (full 0):
 PSYoungGen      total 35328K, used 35311K [0x00000000eab00000, 0x00000000ef000000, 0x0000000100000000)
  eden space 32768K, 100% used [0x00000000eab00000,0x00000000ecb00000,0x00000000ecb00000)
  from space 2560K, 99% used [0x00000000ecb00000,0x00000000ecd7be10,0x00000000ecd80000)
  to   space 2560K, 0% used [0x00000000eed80000,0x00000000eed80000,0x00000000ef000000)
 ParOldGen       total 44032K, used 9066K [0x00000000c0000000, 0x00000000c2b00000, 0x00000000eab00000)
  object space 44032K, 20% used [0x00000000c0000000,0x00000000c08da950,0x00000000c2b00000)
 Metaspace       used 6181K, capacity 7094K, committed 7296K, reserved 1056768K
  class space    used 607K, capacity 622K, committed 640K, reserved 1048576K
Event: 4.368 GC heap after
Heap after GC invocations=4 (full 0):
 PSYoungGen      total 68096K, used 2545K [0x00000000eab00000, 0x00000000ef000000, 0x0000000100000000)
  eden space 65536K, 0% used [0x00000000eab00000,0x00000000eab00000,0x00000000eeb00000)
  from space 2560K, 99% used [0x00000000eed80000,0x00000000eeffc4b8,0x00000000ef000000)
  to   space 2560K, 0% used [0x00000000eeb00000,0x00000000eeb00000,0x00000000eed80000)
 ParOldGen       total 44032K, used 12860K [0x00000000c0000000, 0x00000000c2b00000, 0x00000000eab00000)
  object space 44032K, 29% used [0x00000000c0000000,0x00000000c0c8f320,0x00000000c2b00000)
 Metaspace       used 6181K, capacity 7094K, committed 7296K, reserved 1056768K
  class space    used 607K, capacity 622K, committed 640K, reserved 1048576K
}
Event: 5.904 GC heap before
{Heap before GC invocations=5 (full 0):
 PSYoungGen      total 68096K, used 68081K [0x00000000eab00000, 0x00000000ef000000, 0x0000000100000000)
  eden space 65536K, 100% used [0x00000000eab00000,0x00000000eeb00000,0x00000000eeb00000)
  from space 2560K, 99% used [0x00000000eed80000,0x00000000eeffc4b8,0x00000000ef000000)
  to   space 2560K, 0% used [0x00000000eeb00000,0x00000000eeb00000,0x00000000eed80000)
 ParOldGen       total 44032K, used 12860K [0x00000000c0000000, 0x00000000c2b00000, 0x00000000eab00000)
  object space 44032K, 29% used [0x00000000c0000000,0x00000000c0c8f320,0x00000000c2b00000)
 Metaspace       used 6260K, capacity 7158K, committed 7296K, reserved 1056768K
  class space    used 608K, capacity 622K, committed 640K, reserved 1048576K
Event: 6.146 GC heap after
Heap after GC invocations=5 (full 0):
 PSYoungGen      total 68096K, used 2539K [0x00000000eab00000, 0x00000000ef000000, 0x0000000100000000)
  eden space 65536K, 0% used [0x00000000eab00000,0x00000000eab00000,0x00000000eeb00000)
  from space 2560K, 99% used [0x00000000eeb00000,0x00000000eed7af80,0x00000000eed80000)
  to   space 2560K, 0% used [0x00000000eed80000,0x00000000eed80000,0x00000000ef000000)
 ParOldGen       total 44032K, used 23396K [0x00000000c0000000, 0x00000000c2b00000, 0x00000000eab00000)
  object space 44032K, 53% used [0x00000000c0000000,0x00000000c16d9168,0x00000000c2b00000)
 Metaspace       used 6260K, capacity 7158K, committed 7296K, reserved 1056768K
  class space    used 608K, capacity 622K, committed 640K, reserved 1048576K
}
Event: 7.211 GC heap before
{Heap before GC invocations=6 (full 0):
 PSYoungGen      total 68096K, used 68075K [0x00000000eab00000, 0x00000000ef000000, 0x0000000100000000)
  eden space 65536K, 100% used [0x00000000eab00000,0x00000000eeb00000,0x00000000eeb00000)
  from space 2560K, 99% used [0x00000000eeb00000,0x00000000eed7af80,0x00000000eed80000)
  to   space 2560K, 0% used [0x00000000eed80000,0x00000000eed80000,0x00000000ef000000)
 ParOldGen       total 44032K, used 23396K [0x00000000c0000000, 0x00000000c2b00000, 0x00000000eab00000)
  object space 44032K, 53% used [0x00000000c0000000,0x00000000c16d9168,0x00000000c2b00000)
 Metaspace       used 6294K, capacity 7158K, committed 7296K, reserved 1056768K
  class space    used 608K, capacity 622K, committed 640K, reserved 1048576K
Event: 7.376 GC heap after
Heap after GC invocations=6 (full 0):
 PSYoungGen      total 68096K, used 2544K [0x00000000eab00000, 0x00000000ef000000, 0x0000000100000000)
  eden space 65536K, 0% used [0x00000000eab00000,0x00000000eab00000,0x00000000eeb00000)
  from space 2560K, 99% used [0x00000000eed80000,0x00000000eeffc150,0x00000000ef000000)
  to   space 2560K, 0% used [0x00000000eeb00000,0x00000000eeb00000,0x00000000eed80000)
 ParOldGen       total 44032K, used 33176K [0x00000000c0000000, 0x00000000c2b00000, 0x00000000eab00000)
  object space 44032K, 75% used [0x00000000c0000000,0x00000000c2066388,0x00000000c2b00000)
 Metaspace       used 6294K, capacity 7158K, committed 7296K, reserved 1056768K
  class space    used 608K, capacity 622K, committed 640K, reserved 1048576K
}
Event: 7.376 GC heap before
{Heap before GC invocations=7 (full 1):
 PSYoungGen      total 68096K, used 2544K [0x00000000eab00000, 0x00000000ef000000, 0x0000000100000000)
  eden space 65536K, 0% used [0x00000000eab00000,0x00000000eab00000,0x00000000eeb00000)
  from space 2560K, 99% used [0x00000000eed80000,0x00000000eeffc150,0x00000000ef000000)
  to   space 2560K, 0% used [0x00000000eeb00000,0x00000000eeb00000,0x00000000eed80000)
 ParOldGen       total 44032K, used 33176K [0x00000000c0000000, 0x00000000c2b00000, 0x00000000eab00000)
  object space 44032K, 75% used [0x00000000c0000000,0x00000000c2066388,0x00000000c2b00000)
 Metaspace       used 6294K, capacity 7158K, committed 7296K, reserved 1056768K
  class space    used 608K, capacity 622K, committed 640K, reserved 1048576K
Event: 8.361 GC heap after
Heap after GC invocations=7 (full 1):
 PSYoungGen      total 68096K, used 0K [0x00000000eab00000, 0x00000000ef000000, 0x0000000100000000)
  eden space 65536K, 0% used [0x00000000eab00000,0x00000000eab00000,0x00000000eeb00000)
  from space 2560K, 0% used [0x00000000eed80000,0x00000000eed80000,0x00000000ef000000)
  to   space 2560K, 0% used [0x00000000eeb00000,0x00000000eeb00000,0x00000000eed80000)
 ParOldGen       total 67072K, used 32204K [0x00000000c0000000, 0x00000000c4180000, 0x00000000eab00000)
  object space 67072K, 48% used [0x00000000c0000000,0x00000000c1f73190,0x00000000c4180000)
 Metaspace       used 6294K, capacity 7158K, committed 7296K, reserved 1056768K
  class space    used 608K, capacity 622K, committed 640K, reserved 1048576K
}

Deoptimization events (10 events):
Event: 5.216 Thread 0x0000000017c4a000 Uncommon trap: reason=unstable_if action=reinterpret pc=0x0000000003502118 method=com.android.dx.rop.code.LocalVariableExtractor.processBlock(I)V @ 195
Event: 5.269 Thread 0x00000000028dd800 Uncommon trap: reason=bimorphic action=maybe_recompile pc=0x00000000033ca9d0 method=com.android.dx.ssa.LiteralOpUpgrader.tryReplacingWithConstant(Lcom/android/dx/ssa/NormalSsaInsn;)Z @ 62
Event: 5.269 Thread 0x00000000028dd800 Uncommon trap: reason=unstable_if action=reinterpret pc=0x00000000034fce60 method=com.android.dx.ssa.LiteralOpUpgrader$1.visitNonMoveInsn(Lcom/android/dx/ssa/NormalSsaInsn;)V @ 24
Event: 5.583 Thread 0x0000000017c21000 Uncommon trap: reason=unstable_if action=reinterpret pc=0x00000000035694ac method=java.util.HashMap.putVal(ILjava/lang/Object;Ljava/lang/Object;ZZ)Ljava/lang/Object; @ 94
Event: 6.214 Thread 0x00000000028dd800 Uncommon trap: reason=unstable_if action=reinterpret pc=0x000000000358eb74 method=com.android.dx.rop.code.BasicBlockList.preferredSuccessorOf(Lcom/android/dx/rop/code/BasicBlock;)Lcom/android/dx/rop/code/BasicBlock; @ 58
Event: 6.223 Thread 0x0000000017c47800 Uncommon trap: reason=class_check action=maybe_recompile pc=0x000000000364ca14 method=com.android.dx.cf.code.BytecodeArray.parseInstruction(ILcom/android/dx/cf/code/BytecodeArray$Visitor;)I @ 987
Event: 6.225 Thread 0x0000000017c47800 Uncommon trap: reason=class_check action=maybe_recompile pc=0x000000000364ca14 method=com.android.dx.cf.code.BytecodeArray.parseInstruction(ILcom/android/dx/cf/code/BytecodeArray$Visitor;)I @ 987
Event: 6.276 Thread 0x0000000017c47800 Uncommon trap: reason=class_check action=maybe_recompile pc=0x000000000364ca14 method=com.android.dx.cf.code.BytecodeArray.parseInstruction(ILcom/android/dx/cf/code/BytecodeArray$Visitor;)I @ 987
Event: 6.276 Thread 0x0000000017c47800 Uncommon trap: reason=class_check action=maybe_recompile pc=0x000000000364ca14 method=com.android.dx.cf.code.BytecodeArray.parseInstruction(ILcom/android/dx/cf/code/BytecodeArray$Visitor;)I @ 987
Event: 6.647 Thread 0x0000000017c47800 Uncommon trap: reason=bimorphic action=maybe_recompile pc=0x00000000033ca9d0 method=com.android.dx.ssa.LiteralOpUpgrader.tryReplacingWithConstant(Lcom/android/dx/ssa/NormalSsaInsn;)Z @ 62

Internal exceptions (6 events):
Event: 0.079 Thread 0x00000000028dd800 Exception <a 'java/lang/NoSuchMethodError': Method sun.misc.Unsafe.defineClass(Ljava/lang/String;[BII)Ljava/lang/Class; name or signature does not match> (0x00000000eab12d90) thrown at [C:\re\workspace\8-2-build-windows-amd64-cygwin\jdk8u45\3457\hotspot\sre¦mq_*´?
Event: 0.079 Thread 0x00000000028dd800 Exception <a 'java/lang/NoSuchMethodError': Method sun.misc.Unsafe.prefetchRead(Ljava/lang/Object;J)V name or signature does not match> (0x00000000eab13020) thrown at [C:\re\workspace\8-2-build-windows-amd64-cygwin\jdk8u45\3457\hotspot\src\share\vm\prims\jywî–ëg÷?
Event: 1.463 Thread 0x0000000017c47800 Implicit null exception at 0x000000000317e5a2 to 0x000000000317e695
Event: 2.647 Thread 0x0000000017c47800 Exception <a 'java/lang/ArrayIndexOutOfBoundsException': 18> (0x00000000ec728660) thrown at [C:\re\workspace\8-2-build-windows-amd64-cygwin\jdk8u45\3457\hotspot\src\share\vm\interpreter\interpreterRuntime.cpp, line 366]
Event: 2.647 Thread 0x0000000017c47800 Exception <a 'java/lang/ArrayIndexOutOfBoundsException': 145> (0x00000000ec72a130) thrown at [C:\re\workspace\8-2-build-windows-amd64-cygwin\jdk8u45\3457\hotspot\src\share\vm\interpreter\interpreterRuntime.cpp, line 366]
Event: 2.648 Thread 0x0000000017c47800 Exception <a 'java/lang/ArrayIndexOutOfBoundsException': 40> (0x00000000ec72b368) thrown at [C:\re\workspace\8-2-build-windows-amd64-cygwin\jdk8u45\3457\hotspot\src\share\vm\interpreter\interpreterRuntime.cpp, line 366]

Events (10 events):
Event: 6.767 Thread 0x0000000017c47800 DEOPT PACKING pc=0x0000000003264506 sp=0x000000001891e5f0
Event: 6.767 Thread 0x0000000017c47800 DEOPT UNPACKING pc=0x0000000002e7787f sp=0x000000001891e430 mode 0
Event: 6.822 Thread 0x0000000017c21000 DEOPT PACKING pc=0x00000000032fc8c7 sp=0x000000001861e640
Event: 6.822 Thread 0x0000000017c21000 DEOPT UNPACKING pc=0x0000000002e7787f sp=0x000000001861e398 mode 0
Event: 6.945 Thread 0x0000000017c21000 DEOPT PACKING pc=0x00000000032ba1f1 sp=0x000000001861e460
Event: 6.945 Thread 0x0000000017c21000 DEOPT UNPACKING pc=0x0000000002e7787f sp=0x000000001861e1f0 mode 0
Event: 7.211 Executing VM operation: ParallelGCFailedAllocation
Event: 8.362 Executing VM operation: ParallelGCFailedAllocation done
Event: 8.402 Thread 0x0000000017c28000 DEOPT PACKING pc=0x0000000003283905 sp=0x000000001881eeb0
Event: 8.402 Thread 0x0000000017c28000 DEOPT UNPACKING pc=0x0000000002e7787f sp=0x000000001881ec10 mode 0


Dynamic libraries:
0x00007ff638900000 - 0x00007ff638937000 	E:\XMH\ProgramFiles\java\jdk1.8.0_45\bin\java.exe
0x00007ff9d76e0000 - 0x00007ff9d78a1000 	D:\Windows\SYSTEM32\ntdll.dll
0x00007ff9d70a0000 - 0x00007ff9d714d000 	D:\Windows\system32\KERNEL32.DLL
0x00007ff9d45a0000 - 0x00007ff9d477d000 	D:\Windows\system32\KERNELBASE.dll
0x00007ff9d5680000 - 0x00007ff9d5726000 	D:\Windows\system32\ADVAPI32.dll
0x00007ff9d71f0000 - 0x00007ff9d728d000 	D:\Windows\system32\msvcrt.dll
0x00007ff9d7150000 - 0x00007ff9d71ab000 	D:\Windows\system32\sechost.dll
0x00007ff9d4fe0000 - 0x00007ff9d5106000 	D:\Windows\system32\RPCRT4.dll
0x00007ff9d7580000 - 0x00007ff9d76ce000 	D:\Windows\system32\USER32.dll
0x00007ff9d4db0000 - 0x00007ff9d4f36000 	D:\Windows\system32\GDI32.dll
0x00007ff9c4ba0000 - 0x00007ff9c4e14000 	D:\Windows\WinSxS\amd64_microsoft.windows.common-controls_6595b64144ccf1df_6.0.10240.16384_none_f41f7b285750ef43\COMCTL32.dll
0x00007ff9d4f40000 - 0x00007ff9d4f76000 	D:\Windows\system32\IMM32.DLL
0x00007ff9d5730000 - 0x00007ff9d588c000 	D:\Windows\system32\MSCTF.dll
0x0000000058920000 - 0x00000000589f2000 	E:\XMH\ProgramFiles\java\jdk1.8.0_45\jre\bin\msvcr100.dll
0x0000000059140000 - 0x00000000599c3000 	E:\XMH\ProgramFiles\java\jdk1.8.0_45\jre\bin\server\jvm.dll
0x00007ff9d71e0000 - 0x00007ff9d71e8000 	D:\Windows\system32\PSAPI.DLL
0x00007ff9cf900000 - 0x00007ff9cf909000 	D:\Windows\SYSTEM32\WSOCK32.dll
0x00007ff9cbc60000 - 0x00007ff9cbc6a000 	D:\Windows\SYSTEM32\VERSION.dll
0x00007ff9d2790000 - 0x00007ff9d27b3000 	D:\Windows\SYSTEM32\WINMM.dll
0x00007ff9d7510000 - 0x00007ff9d7579000 	D:\Windows\system32\WS2_32.dll
0x00007ff9d71b0000 - 0x00007ff9d71b8000 	D:\Windows\system32\NSI.dll
0x00007ff9d2620000 - 0x00007ff9d264c000 	D:\Windows\SYSTEM32\WINMMBASE.dll
0x00007ff9d42c0000 - 0x00007ff9d4304000 	D:\Windows\system32\cfgmgr32.dll
0x00007ff9d29e0000 - 0x00007ff9d2a07000 	D:\Windows\SYSTEM32\DEVOBJ.dll
0x0000000059c60000 - 0x0000000059c6f000 	E:\XMH\ProgramFiles\java\jdk1.8.0_45\jre\bin\verify.dll
0x0000000059c30000 - 0x0000000059c59000 	E:\XMH\ProgramFiles\java\jdk1.8.0_45\jre\bin\java.dll
0x0000000059c10000 - 0x0000000059c26000 	E:\XMH\ProgramFiles\java\jdk1.8.0_45\jre\bin\zip.dll
0x00007ff9d5b00000 - 0x00007ff9d7022000 	D:\Windows\system32\SHELL32.dll
0x00007ff9d4780000 - 0x00007ff9d4da8000 	D:\Windows\system32\windows.storage.dll
0x00007ff9d7290000 - 0x00007ff9d750c000 	D:\Windows\system32\combase.dll
0x00007ff9d5110000 - 0x00007ff9d5161000 	D:\Windows\system32\shlwapi.dll
0x00007ff9d4150000 - 0x00007ff9d415f000 	D:\Windows\system32\kernel.appcore.dll
0x00007ff9d4310000 - 0x00007ff9d43c3000 	D:\Windows\system32\shcore.dll
0x00007ff9d4160000 - 0x00007ff9d41aa000 	D:\Windows\system32\powrprof.dll
0x00007ff9d4130000 - 0x00007ff9d4143000 	D:\Windows\system32\profapi.dll
0x00007ff9d0450000 - 0x00007ff9d05da000 	D:\Windows\SYSTEM32\dbghelp.dll

VM Arguments:
jvm_args: -Xmx1024M -Dfile.encoding=GBK -Duser.country=CN -Duser.language=zh -Duser.variant 
java_command: com.android.dx.command.Main --dex --num-threads=4 --output E:\XMH\WorkSpace\ASWorkSpace\LibraryProject\DialogAnimationDemo\build\intermediates\pre-dexed\debug\classes-43a33eb6ef9477175bce39cd5ceea3d87ed2e0e0.jar E:\XMH\WorkSpace\ASWorkSpace\LibraryProject\DialogAnimationDemo\build\intermediates\exploded-aar\com.android.support\appcompat-v7\23.0.1\jars\classes.jar
java_class_path (initial): E:\XMH\android-sdk-studio\build-tools\23.0.1\lib\dx.jar
Launcher Type: SUN_STANDARD

Environment Variables:
JAVA_HOME=E:\XMH\ProgramFiles\java\jdk1.8.0_45
CLASSPATH=.;E:\XMH\ProgramFiles\java\jdk1.8.0_45/lib/dt.jar;E:\XMH\ProgramFiles\java\jdk1.8.0_45/lib/tools.jar;
PATH=D:\Windows\system32;D:\Windows;D:\Windows\System32\Wbem;D:\Windows\System32\WindowsPowerShell\v1.0\;E:\XMH\ProgramFiles\java\jdk1.8.0_45\bin;E:\XMH\DeskTopLink;E:\cygwin64\bin;E:\XMH\ProgramFiles\Skype\Phone\;E:\XMH\ProgramFiles\TortoiseSVN\bin;E:\XMH\android-sdk-windows24\platform-tools;E:\XMH\ProgramFiles\Git\cmd
USERNAME=mengh
OS=Windows_NT
PROCESSOR_IDENTIFIER=Intel64 Family 6 Model 60 Stepping 3, GenuineIntel



---------------  S Y S T E M  ---------------

OS: Windows 10.0 , 64 bit Build 10240 (10.0.10240.16384)

CPU:total 8 (4 cores per cpu, 2 threads per core) family 6 model 60 stepping 3, cmov, cx8, fxsr, mmx, sse, sse2, sse3, ssse3, sse4.1, sse4.2, popcnt, avx, avx2, aes, clmul, erms, lzcnt, ht, tsc, tscinvbit, bmi1, bmi2

Memory: 4k page, physical 4112280k(76096k free), swap 10665748k(10172k free)

vm_info: Java HotSpot(TM) 64-Bit Server VM (25.45-b02) for windows-amd64 JRE (1.8.0_45-b14), built on Apr 10 2015 10:34:15 by "java_re" with MS VC++ 10.0 (VS2010)

time: Mon Oct 19 17:20:14 2015
elapsed time: 8 seconds (0d 0h 0m 8s)

